mode: count
2019_2_Shtoby_shto/src/database/data_manager.go:34.47,38.2 1 0
2019_2_Shtoby_shto/src/database/data_manager.go:40.36,42.2 1 0
2019_2_Shtoby_shto/src/database/data_manager.go:44.41,46.2 1 0
2019_2_Shtoby_shto/src/database/data_manager.go:48.47,50.2 1 0
2019_2_Shtoby_shto/src/database/data_manager.go:52.69,54.2 1 0
2019_2_Shtoby_shto/src/database/data_manager.go:56.56,58.27 2 0
2019_2_Shtoby_shto/src/database/data_manager.go:61.2,62.46 2 0
2019_2_Shtoby_shto/src/database/data_manager.go:66.2,66.12 1 0
2019_2_Shtoby_shto/src/database/data_manager.go:58.27,60.3 1 0
2019_2_Shtoby_shto/src/database/data_manager.go:62.46,65.3 2 0
2019_2_Shtoby_shto/src/database/data_manager.go:69.67,73.22 4 0
2019_2_Shtoby_shto/src/database/data_manager.go:77.2,77.26 1 0
2019_2_Shtoby_shto/src/database/data_manager.go:80.2,80.19 1 0
2019_2_Shtoby_shto/src/database/data_manager.go:73.22,76.3 2 0
2019_2_Shtoby_shto/src/database/data_manager.go:77.26,79.3 1 0
2019_2_Shtoby_shto/src/database/data_manager.go:83.95,87.26 4 0
2019_2_Shtoby_shto/src/database/data_manager.go:92.2,92.22 1 0
2019_2_Shtoby_shto/src/database/data_manager.go:87.26,89.3 1 0
2019_2_Shtoby_shto/src/database/data_manager.go:89.8,89.29 1 0
2019_2_Shtoby_shto/src/database/data_manager.go:89.29,91.3 1 0
2019_2_Shtoby_shto/src/database/data_manager.go:95.129,99.26 4 0
2019_2_Shtoby_shto/src/database/data_manager.go:104.2,104.22 1 0
2019_2_Shtoby_shto/src/database/data_manager.go:99.26,101.3 1 0
2019_2_Shtoby_shto/src/database/data_manager.go:101.8,101.29 1 0
2019_2_Shtoby_shto/src/database/data_manager.go:101.29,103.3 1 0
2019_2_Shtoby_shto/src/database/data_manager.go:107.56,110.27 3 0
2019_2_Shtoby_shto/src/database/data_manager.go:117.2,119.26 3 0
2019_2_Shtoby_shto/src/database/data_manager.go:124.2,124.12 1 0
2019_2_Shtoby_shto/src/database/data_manager.go:110.27,112.17 2 0
2019_2_Shtoby_shto/src/database/data_manager.go:115.3,115.22 1 0
2019_2_Shtoby_shto/src/database/data_manager.go:112.17,114.4 1 0
2019_2_Shtoby_shto/src/database/data_manager.go:119.26,121.3 1 0
2019_2_Shtoby_shto/src/database/data_manager.go:121.8,121.29 1 0
2019_2_Shtoby_shto/src/database/data_manager.go:121.29,123.3 1 0
2019_2_Shtoby_shto/src/database/data_manager.go:127.56,130.22 3 0
2019_2_Shtoby_shto/src/database/data_manager.go:133.2,133.12 1 0
2019_2_Shtoby_shto/src/database/data_manager.go:130.22,132.3 1 0
2019_2_Shtoby_shto/src/database/data_manager.go:136.56,139.22 3 0
2019_2_Shtoby_shto/src/database/data_manager.go:142.2,142.12 1 0
2019_2_Shtoby_shto/src/database/data_manager.go:139.22,141.3 1 0
2019_2_Shtoby_shto/src/database/data_manager_mock.go:25.69,29.2 3 0
2019_2_Shtoby_shto/src/database/data_manager_mock.go:32.67,34.2 1 0
2019_2_Shtoby_shto/src/database/data_manager_mock.go:37.42,42.2 4 0
2019_2_Shtoby_shto/src/database/data_manager_mock.go:45.59,48.2 2 0
2019_2_Shtoby_shto/src/database/data_manager_mock.go:51.47,54.2 2 0
2019_2_Shtoby_shto/src/database/data_manager_mock.go:57.76,60.2 2 0
2019_2_Shtoby_shto/src/database/data_manager_mock.go:63.52,68.2 4 0
2019_2_Shtoby_shto/src/database/data_manager_mock.go:71.72,74.2 2 0
2019_2_Shtoby_shto/src/database/data_manager_mock.go:77.75,80.25 3 0
2019_2_Shtoby_shto/src/database/data_manager_mock.go:83.2,85.13 3 0
2019_2_Shtoby_shto/src/database/data_manager_mock.go:80.25,82.3 1 0
2019_2_Shtoby_shto/src/database/data_manager_mock.go:89.105,93.2 3 0
2019_2_Shtoby_shto/src/database/data_manager_mock.go:96.62,101.2 4 0
2019_2_Shtoby_shto/src/database/data_manager_mock.go:104.82,107.2 2 0
2019_2_Shtoby_shto/src/database/data_manager_mock.go:110.73,116.2 5 0
2019_2_Shtoby_shto/src/database/data_manager_mock.go:119.86,122.2 2 0
2019_2_Shtoby_shto/src/database/data_manager_mock.go:125.62,130.2 4 0
2019_2_Shtoby_shto/src/database/data_manager_mock.go:133.82,136.2 2 0
2019_2_Shtoby_shto/src/database/data_manager_mock.go:139.62,144.2 4 0
2019_2_Shtoby_shto/src/database/data_manager_mock.go:147.82,150.2 2 0
2019_2_Shtoby_shto/src/database/data_manager_mock.go:153.62,158.2 4 0
2019_2_Shtoby_shto/src/database/data_manager_mock.go:161.82,164.2 2 0
2019_2_Shtoby_shto/src/database/data_manager_mock.go:167.101,173.2 5 0
2019_2_Shtoby_shto/src/database/data_manager_mock.go:176.110,179.2 2 0
2019_2_Shtoby_shto/src/database/data_manager_mock.go:182.135,188.2 5 0
2019_2_Shtoby_shto/src/database/data_manager_mock.go:191.128,194.2 2 0
2019_2_Shtoby_shto/src/utils/hmac.go:17.58,19.2 1 0
2019_2_Shtoby_shto/src/utils/hmac.go:21.91,27.2 5 0
2019_2_Shtoby_shto/src/utils/hmac.go:29.87,31.25 2 0
2019_2_Shtoby_shto/src/utils/hmac.go:35.2,36.16 2 0
2019_2_Shtoby_shto/src/utils/hmac.go:40.2,40.34 1 0
2019_2_Shtoby_shto/src/utils/hmac.go:44.2,49.16 6 0
2019_2_Shtoby_shto/src/utils/hmac.go:53.2,53.49 1 0
2019_2_Shtoby_shto/src/utils/hmac.go:31.25,33.3 1 0
2019_2_Shtoby_shto/src/utils/hmac.go:36.16,38.3 1 0
2019_2_Shtoby_shto/src/utils/hmac.go:40.34,42.3 1 0
2019_2_Shtoby_shto/src/utils/hmac.go:49.16,51.3 1 0
2019_2_Shtoby_shto/src/utils/utils.go:24.30,26.15 2 0
2019_2_Shtoby_shto/src/utils/utils.go:26.15,28.3 1 0
2019_2_Shtoby_shto/src/utils/utils.go:28.8,30.3 1 0
2019_2_Shtoby_shto/src/utils/utils.go:33.40,36.16 3 0
2019_2_Shtoby_shto/src/utils/utils.go:40.2,40.26 1 0
2019_2_Shtoby_shto/src/utils/utils.go:36.16,39.3 2 0
2019_2_Shtoby_shto/src/utils/utils.go:43.34,45.2 1 0
2019_2_Shtoby_shto/src/utils/utils.go:47.55,51.16 4 0
2019_2_Shtoby_shto/src/utils/utils.go:54.2,57.16 4 0
2019_2_Shtoby_shto/src/utils/utils.go:60.2,64.22 5 0
2019_2_Shtoby_shto/src/utils/utils.go:51.16,53.3 1 0
2019_2_Shtoby_shto/src/utils/utils.go:57.16,59.3 1 0
2019_2_Shtoby_shto/src/errors/service.go:9.83,11.16 2 0
2019_2_Shtoby_shto/src/errors/service.go:14.2,21.16 4 0
2019_2_Shtoby_shto/src/errors/service.go:25.2,25.45 1 0
2019_2_Shtoby_shto/src/errors/service.go:11.16,13.3 1 0
2019_2_Shtoby_shto/src/errors/service.go:21.16,24.3 2 0
2019_2_Shtoby_shto/src/errors/service.go:25.45,27.3 1 0
2019_2_Shtoby_shto/src/dicts/board/handler.go:46.44,67.2 9 0
2019_2_Shtoby_shto/src/dicts/board/handler.go:69.46,71.16 2 0
2019_2_Shtoby_shto/src/dicts/board/handler.go:76.2,76.49 1 0
2019_2_Shtoby_shto/src/dicts/board/handler.go:81.2,81.48 1 0
2019_2_Shtoby_shto/src/dicts/board/handler.go:86.2,86.39 1 0
2019_2_Shtoby_shto/src/dicts/board/handler.go:71.16,75.3 3 0
2019_2_Shtoby_shto/src/dicts/board/handler.go:76.49,80.3 3 0
2019_2_Shtoby_shto/src/dicts/board/handler.go:81.48,85.3 3 0
2019_2_Shtoby_shto/src/dicts/board/handler.go:89.48,92.16 3 0
2019_2_Shtoby_shto/src/dicts/board/handler.go:97.2,97.24 1 0
2019_2_Shtoby_shto/src/dicts/board/handler.go:104.2,104.40 1 0
2019_2_Shtoby_shto/src/dicts/board/handler.go:92.16,96.3 3 0
2019_2_Shtoby_shto/src/dicts/board/handler.go:97.24,98.54 1 0
2019_2_Shtoby_shto/src/dicts/board/handler.go:98.54,102.4 3 0
2019_2_Shtoby_shto/src/dicts/board/handler.go:107.58,110.9 3 0
2019_2_Shtoby_shto/src/dicts/board/handler.go:115.2,115.25 1 0
2019_2_Shtoby_shto/src/dicts/board/handler.go:118.2,118.22 1 0
2019_2_Shtoby_shto/src/dicts/board/handler.go:121.2,122.16 2 0
2019_2_Shtoby_shto/src/dicts/board/handler.go:127.2,128.39 2 0
2019_2_Shtoby_shto/src/dicts/board/handler.go:131.2,132.16 2 0
2019_2_Shtoby_shto/src/dicts/board/handler.go:137.2,137.24 1 0
2019_2_Shtoby_shto/src/dicts/board/handler.go:144.2,144.40 1 0
2019_2_Shtoby_shto/src/dicts/board/handler.go:110.9,114.3 3 0
2019_2_Shtoby_shto/src/dicts/board/handler.go:115.25,117.3 1 0
2019_2_Shtoby_shto/src/dicts/board/handler.go:118.22,120.3 1 0
2019_2_Shtoby_shto/src/dicts/board/handler.go:122.16,126.3 3 0
2019_2_Shtoby_shto/src/dicts/board/handler.go:128.39,130.3 1 0
2019_2_Shtoby_shto/src/dicts/board/handler.go:132.16,136.3 3 0
2019_2_Shtoby_shto/src/dicts/board/handler.go:137.24,138.54 1 0
2019_2_Shtoby_shto/src/dicts/board/handler.go:138.54,142.4 3 0
2019_2_Shtoby_shto/src/dicts/board/handler.go:147.60,149.16 2 0
2019_2_Shtoby_shto/src/dicts/board/handler.go:154.2,155.58 2 0
2019_2_Shtoby_shto/src/dicts/board/handler.go:160.2,161.16 2 0
2019_2_Shtoby_shto/src/dicts/board/handler.go:166.2,166.16 1 0
2019_2_Shtoby_shto/src/dicts/board/handler.go:174.2,174.47 1 0
2019_2_Shtoby_shto/src/dicts/board/handler.go:149.16,153.3 3 0
2019_2_Shtoby_shto/src/dicts/board/handler.go:155.58,159.3 3 0
2019_2_Shtoby_shto/src/dicts/board/handler.go:161.16,165.3 3 0
2019_2_Shtoby_shto/src/dicts/board/handler.go:166.16,168.17 2 0
2019_2_Shtoby_shto/src/dicts/board/handler.go:168.17,172.4 3 0
2019_2_Shtoby_shto/src/dicts/board/handler.go:177.60,179.16 2 0
2019_2_Shtoby_shto/src/dicts/board/handler.go:184.2,185.58 2 0
2019_2_Shtoby_shto/src/dicts/board/handler.go:190.2,191.16 2 0
2019_2_Shtoby_shto/src/dicts/board/handler.go:196.2,196.47 1 0
2019_2_Shtoby_shto/src/dicts/board/handler.go:179.16,183.3 3 0
2019_2_Shtoby_shto/src/dicts/board/handler.go:185.58,189.3 3 0
2019_2_Shtoby_shto/src/dicts/board/handler.go:191.16,195.3 3 0
2019_2_Shtoby_shto/src/dicts/board/handler.go:199.47,201.16 2 0
2019_2_Shtoby_shto/src/dicts/board/handler.go:206.2,207.16 2 0
2019_2_Shtoby_shto/src/dicts/board/handler.go:212.2,213.16 2 0
2019_2_Shtoby_shto/src/dicts/board/handler.go:218.2,219.9 2 0
2019_2_Shtoby_shto/src/dicts/board/handler.go:224.2,225.16 2 0
2019_2_Shtoby_shto/src/dicts/board/handler.go:230.2,232.42 3 0
2019_2_Shtoby_shto/src/dicts/board/handler.go:201.16,205.3 3 0
2019_2_Shtoby_shto/src/dicts/board/handler.go:207.16,211.3 3 0
2019_2_Shtoby_shto/src/dicts/board/handler.go:213.16,217.3 3 0
2019_2_Shtoby_shto/src/dicts/board/handler.go:219.9,223.3 3 0
2019_2_Shtoby_shto/src/dicts/board/handler.go:225.16,229.3 3 0
2019_2_Shtoby_shto/src/dicts/board/handler.go:235.46,237.16 2 0
2019_2_Shtoby_shto/src/dicts/board/handler.go:242.2,243.16 2 0
2019_2_Shtoby_shto/src/dicts/board/handler.go:248.2,249.16 2 0
2019_2_Shtoby_shto/src/dicts/board/handler.go:254.2,254.39 1 0
2019_2_Shtoby_shto/src/dicts/board/handler.go:237.16,241.3 3 0
2019_2_Shtoby_shto/src/dicts/board/handler.go:243.16,247.3 3 0
2019_2_Shtoby_shto/src/dicts/board/handler.go:249.16,253.3 3 0
2019_2_Shtoby_shto/src/dicts/board/handler.go:257.49,259.60 2 0
2019_2_Shtoby_shto/src/dicts/board/handler.go:264.2,264.12 1 0
2019_2_Shtoby_shto/src/dicts/board/handler.go:259.60,263.3 3 0
2019_2_Shtoby_shto/src/dicts/board/handler.go:267.61,269.16 2 0
2019_2_Shtoby_shto/src/dicts/board/handler.go:272.2,272.35 1 0
2019_2_Shtoby_shto/src/dicts/board/handler.go:305.2,306.12 2 0
2019_2_Shtoby_shto/src/dicts/board/handler.go:269.16,271.3 1 0
2019_2_Shtoby_shto/src/dicts/board/handler.go:272.35,274.17 2 0
2019_2_Shtoby_shto/src/dicts/board/handler.go:277.3,277.30 1 0
2019_2_Shtoby_shto/src/dicts/board/handler.go:303.3,303.30 1 0
2019_2_Shtoby_shto/src/dicts/board/handler.go:274.17,276.4 1 0
2019_2_Shtoby_shto/src/dicts/board/handler.go:277.30,279.18 2 0
2019_2_Shtoby_shto/src/dicts/board/handler.go:282.4,284.18 3 0
2019_2_Shtoby_shto/src/dicts/board/handler.go:287.4,288.32 2 0
2019_2_Shtoby_shto/src/dicts/board/handler.go:291.4,292.18 2 0
2019_2_Shtoby_shto/src/dicts/board/handler.go:295.4,298.33 4 0
2019_2_Shtoby_shto/src/dicts/board/handler.go:301.4,301.32 1 0
2019_2_Shtoby_shto/src/dicts/board/handler.go:279.18,281.5 1 0
2019_2_Shtoby_shto/src/dicts/board/handler.go:284.18,286.5 1 0
2019_2_Shtoby_shto/src/dicts/board/handler.go:288.32,290.5 1 0
2019_2_Shtoby_shto/src/dicts/board/handler.go:292.18,294.5 1 0
2019_2_Shtoby_shto/src/dicts/board/handler.go:298.33,300.5 1 0
2019_2_Shtoby_shto/src/dicts/board/handler.go:309.60,311.16 2 0
2019_2_Shtoby_shto/src/dicts/board/handler.go:314.2,315.31 2 0
2019_2_Shtoby_shto/src/dicts/board/handler.go:318.2,319.12 2 0
2019_2_Shtoby_shto/src/dicts/board/handler.go:311.16,313.3 1 0
2019_2_Shtoby_shto/src/dicts/board/handler.go:315.31,317.3 1 0
2019_2_Shtoby_shto/src/dicts/board/service.go:28.67,32.2 1 2
2019_2_Shtoby_shto/src/dicts/board/service.go:34.81,42.2 3 0
2019_2_Shtoby_shto/src/dicts/board/service.go:44.101,48.50 2 4
2019_2_Shtoby_shto/src/dicts/board/service.go:51.2,51.22 1 4
2019_2_Shtoby_shto/src/dicts/board/service.go:54.2,55.19 2 4
2019_2_Shtoby_shto/src/dicts/board/service.go:48.50,50.3 1 0
2019_2_Shtoby_shto/src/dicts/board/service.go:51.22,53.3 1 0
2019_2_Shtoby_shto/src/dicts/board/service.go:58.92,60.50 2 0
2019_2_Shtoby_shto/src/dicts/board/service.go:63.2,65.19 3 0
2019_2_Shtoby_shto/src/dicts/board/service.go:60.50,62.3 1 0
2019_2_Shtoby_shto/src/dicts/board/service.go:68.62,75.2 2 0
2019_2_Shtoby_shto/src/dicts/board/service.go:77.84,81.2 3 0
2019_2_Shtoby_shto/src/dicts/board/service.go:83.90,87.2 3 0
2019_2_Shtoby_shto/src/dicts/board/service_mock.go:26.83,30.2 3 1
2019_2_Shtoby_shto/src/dicts/board/service_mock.go:33.81,35.2 1 3
2019_2_Shtoby_shto/src/dicts/board/service_mock.go:38.98,44.2 5 0
2019_2_Shtoby_shto/src/dicts/board/service_mock.go:47.91,50.2 2 2
2019_2_Shtoby_shto/src/dicts/board/service_mock.go:53.118,59.2 5 0
2019_2_Shtoby_shto/src/dicts/board/service_mock.go:62.104,65.2 2 1
2019_2_Shtoby_shto/src/dicts/board/service_mock.go:68.109,74.2 5 0
2019_2_Shtoby_shto/src/dicts/board/service_mock.go:77.95,80.2 2 0
2019_2_Shtoby_shto/src/dicts/board/service_mock.go:83.79,88.2 4 0
2019_2_Shtoby_shto/src/dicts/board/service_mock.go:91.89,94.2 2 0
2019_2_Shtoby_shto/src/dicts/board/service_mock.go:97.90,103.2 5 0
2019_2_Shtoby_shto/src/dicts/board/service_mock.go:106.100,109.2 2 0
2019_2_Shtoby_shto/src/dicts/board/service_mock.go:112.96,118.2 5 0
2019_2_Shtoby_shto/src/dicts/board/service_mock.go:121.101,124.2 2 0
